[11:50:28] [Client thread/INFO]: Setting user: Player209
[11:50:30] [Client thread/INFO]: LWJGL Version: 2.9.1
[11:50:33] [Client thread/INFO]: Reloading ResourceManager: Default, FMLFileResourcePack:Forge Mod Loader, FMLFileResourcePack:Minecraft Forge, FMLFileResourcePack:Player Skills
[11:50:34] [Sound Library Loader/INFO]: Starting up SoundSystem...
[11:50:34] [Thread-9/INFO]: Initializing LWJGL OpenAL
[11:50:34] [Thread-9/INFO]: (The LWJGL binding of OpenAL.  For more information, see http://www.lwjgl.org)
[11:50:34] [Thread-9/INFO]: OpenAL initialized.
[11:50:34] [Sound Library Loader/INFO]: Sound engine started
[11:50:36] [Client thread/INFO]: Created: 16x16 textures-atlas
[11:50:37] [Client thread/INFO]: Reloading ResourceManager: Default, FMLFileResourcePack:Forge Mod Loader, FMLFileResourcePack:Minecraft Forge, FMLFileResourcePack:Player Skills
[11:50:37] [Client thread/INFO]: SoundSystem shutting down...
[11:50:37] [Client thread/WARN]: Author: Paul Lamb, www.paulscode.com
[11:50:37] [Sound Library Loader/INFO]: Starting up SoundSystem...
[11:50:37] [Thread-11/INFO]: Initializing LWJGL OpenAL
[11:50:37] [Thread-11/INFO]: (The LWJGL binding of OpenAL.  For more information, see http://www.lwjgl.org)
[11:50:37] [Thread-11/INFO]: OpenAL initialized.
[11:50:37] [Sound Library Loader/INFO]: Sound engine started
[11:50:39] [Client thread/INFO]: Created: 512x512 textures-atlas
[11:50:49] [Server thread/INFO]: Starting integrated minecraft server version 1.8
[11:50:49] [Server thread/INFO]: Generating keypair
[11:50:49] [Server thread/INFO]: Converting map!
[11:50:49] [Server thread/INFO]: Scanning folders...
[11:50:49] [Server thread/INFO]: Total conversion count is 0
[11:50:50] [Server thread/WARN]: Unable to find spawn biome
[11:50:51] [Server thread/INFO]: Preparing start region for level 0
[11:50:52] [Server thread/INFO]: Preparing spawn area: 10%
[11:50:53] [Server thread/INFO]: Preparing spawn area: 24%
[11:50:54] [Server thread/INFO]: Preparing spawn area: 39%
[11:50:55] [Server thread/INFO]: Preparing spawn area: 56%
[11:50:56] [Server thread/INFO]: Preparing spawn area: 73%
[11:50:57] [Server thread/INFO]: Preparing spawn area: 93%
[11:50:58] [Server thread/INFO]: Changing view distance to 12, from 10
[11:51:00] [Server thread/INFO]: Player209[local:E:4222fab0] logged in with entity id 349 at (87.5, 68.0, 426.5)
[11:51:00] [Server thread/INFO]: Player209 joined the game
[11:51:01] [pool-2-thread-1/WARN]: Couldn't look up profile properties for com.mojang.authlib.GameProfile@7d3af2f0[id=aa672712-7b9a-35e7-9d78-80bd1544826b,name=Player209,properties={},legacy=false]
com.mojang.authlib.exceptions.AuthenticationException: The client has sent too many requests within a certain amount of time
	at com.mojang.authlib.yggdrasil.YggdrasilAuthenticationService.makeRequest(YggdrasilAuthenticationService.java:65) ~[YggdrasilAuthenticationService.class:?]
	at com.mojang.authlib.yggdrasil.YggdrasilMinecraftSessionService.fillGameProfile(YggdrasilMinecraftSessionService.java:158) [YggdrasilMinecraftSessionService.class:?]
	at com.mojang.authlib.yggdrasil.YggdrasilMinecraftSessionService$1.load(YggdrasilMinecraftSessionService.java:53) [YggdrasilMinecraftSessionService$1.class:?]
	at com.mojang.authlib.yggdrasil.YggdrasilMinecraftSessionService$1.load(YggdrasilMinecraftSessionService.java:50) [YggdrasilMinecraftSessionService$1.class:?]
	at com.google.common.cache.LocalCache$LoadingValueReference.loadFuture(LocalCache.java:3524) [guava-17.0.jar:?]
	at com.google.common.cache.LocalCache$Segment.loadSync(LocalCache.java:2317) [guava-17.0.jar:?]
	at com.google.common.cache.LocalCache$Segment.lockedGetOrLoad(LocalCache.java:2280) [guava-17.0.jar:?]
	at com.google.common.cache.LocalCache$Segment.get(LocalCache.java:2195) [guava-17.0.jar:?]
	at com.google.common.cache.LocalCache.get(LocalCache.java:3934) [guava-17.0.jar:?]
	at com.google.common.cache.LocalCache.getOrLoad(LocalCache.java:3938) [guava-17.0.jar:?]
	at com.google.common.cache.LocalCache$LocalLoadingCache.get(LocalCache.java:4821) [guava-17.0.jar:?]
	at com.google.common.cache.LocalCache$LocalLoadingCache.getUnchecked(LocalCache.java:4827) [guava-17.0.jar:?]
	at com.mojang.authlib.yggdrasil.YggdrasilMinecraftSessionService.fillProfileProperties(YggdrasilMinecraftSessionService.java:148) [YggdrasilMinecraftSessionService.class:?]
	at net.minecraft.client.resources.SkinManager$3.run(SkinManager.java:138) [SkinManager$3.class:?]
	at java.util.concurrent.Executors$RunnableAdapter.call(Executors.java:511) [?:1.8.0_05]
	at java.util.concurrent.FutureTask.run(FutureTask.java:266) [?:1.8.0_05]
	at java.util.concurrent.ThreadPoolExecutor.runWorker(ThreadPoolExecutor.java:1142) [?:1.8.0_05]
	at java.util.concurrent.ThreadPoolExecutor$Worker.run(ThreadPoolExecutor.java:617) [?:1.8.0_05]
	at java.lang.Thread.run(Thread.java:745) [?:1.8.0_05]
[11:51:46] [Server thread/INFO]: Player209 has just earned the achievement [Taking Inventory]
[11:51:46] [Client thread/INFO]: [CHAT] Player209 has just earned the achievement [Taking Inventory]
[11:51:48] [Server thread/INFO]: Saving and pausing game...
[11:51:48] [Server thread/INFO]: Saving chunks for level 'Test World'/Overworld
[11:51:48] [Server thread/INFO]: Saving chunks for level 'Test World'/Nether
[11:51:48] [Server thread/INFO]: Saving chunks for level 'Test World'/The End
[11:51:49] [Server thread/INFO]: Stopping server
[11:51:49] [Server thread/INFO]: Saving players
[11:51:49] [Server thread/INFO]: Saving worlds
[11:51:49] [Server thread/INFO]: Saving chunks for level 'Test World'/Overworld
[11:51:49] [Server thread/INFO]: Saving chunks for level 'Test World'/Nether
[11:51:49] [Server thread/INFO]: Saving chunks for level 'Test World'/The End
[11:51:50] [Client thread/INFO]: Stopping!
[11:51:50] [Client thread/INFO]: SoundSystem shutting down...
[11:51:51] [Client thread/WARN]: Author: Paul Lamb, www.paulscode.com
